<?xml version="1.0" encoding="UTF-8"?>
<testng-results ignored="0" total="2" passed="2" failed="0" skipped="0">
  <reporter-output>
  </reporter-output>
  <suite started-at="2026-01-15T15:38:50 IST" name="Suite" finished-at="2026-01-15T15:39:22 IST" duration-ms="32581">
    <groups>
    </groups>
    <test started-at="2026-01-15T15:38:50 IST" name="Test" finished-at="2026-01-15T15:39:10 IST" duration-ms="20473">
      <class name="testBase.ETestClass">
        <test-method is-config="true" signature="setup(java.lang.String,java.lang.String)[pri:0, instance:testBase.ETestClass@327bcebd]" started-at="2026-01-15T15:38:50 IST" name="setup" finished-at="2026-01-15T15:39:06 IST" duration-ms="16632" status="PASS">
          <params>
            <param index="0">
              <value>
                <![CDATA[linux]]>
              </value>
            </param>
            <param index="1">
              <value>
                <![CDATA[firefox]]>
              </value>
            </param>
          </params>
          <reporter-output>
          </reporter-output>
        </test-method> <!-- setup -->
        <test-method signature="verifylogin()[pri:0, instance:testBase.ETestClass@327bcebd]" started-at="2026-01-15T15:39:06 IST" name="verifylogin" finished-at="2026-01-15T15:39:09 IST" duration-ms="2517" status="PASS">
          <reporter-output>
          </reporter-output>
        </test-method> <!-- verifylogin -->
        <test-method is-config="true" signature="teardown()[pri:0, instance:testBase.ETestClass@327bcebd]" started-at="2026-01-15T15:39:09 IST" name="teardown" finished-at="2026-01-15T15:39:10 IST" duration-ms="1265" status="PASS">
          <reporter-output>
          </reporter-output>
        </test-method> <!-- teardown -->
      </class> <!-- testBase.ETestClass -->
    </test> <!-- Test -->
    <test started-at="2026-01-15T15:39:10 IST" name="Test1" finished-at="2026-01-15T15:39:22 IST" duration-ms="12059">
      <class name="testBase.ETestClass">
        <test-method is-config="true" signature="setup(java.lang.String,java.lang.String)[pri:0, instance:testBase.ETestClass@5f354bcf]" started-at="2026-01-15T15:39:10 IST" name="setup" finished-at="2026-01-15T15:39:20 IST" duration-ms="10039" status="PASS">
          <params>
            <param index="0">
              <value>
                <![CDATA[linux]]>
              </value>
            </param>
            <param index="1">
              <value>
                <![CDATA[chrome]]>
              </value>
            </param>
          </params>
          <reporter-output>
          </reporter-output>
        </test-method> <!-- setup -->
        <test-method signature="verifylogin()[pri:0, instance:testBase.ETestClass@5f354bcf]" started-at="2026-01-15T15:39:20 IST" name="verifylogin" finished-at="2026-01-15T15:39:22 IST" duration-ms="1744" status="PASS">
          <reporter-output>
          </reporter-output>
        </test-method> <!-- verifylogin -->
        <test-method is-config="true" signature="teardown()[pri:0, instance:testBase.ETestClass@5f354bcf]" started-at="2026-01-15T15:39:22 IST" name="teardown" finished-at="2026-01-15T15:39:22 IST" duration-ms="273" status="PASS">
          <reporter-output>
          </reporter-output>
        </test-method> <!-- teardown -->
      </class> <!-- testBase.ETestClass -->
    </test> <!-- Test1 -->
  </suite> <!-- Suite -->
</testng-results>
