<?xml version="1.0" encoding="UTF-8"?>
<testng-results ignored="0" total="2" passed="2" failed="0" skipped="0">
  <reporter-output>
  </reporter-output>
  <suite started-at="2025-12-04T19:50:42 IST" name="Suite" finished-at="2025-12-04T19:51:50 IST" duration-ms="67842">
    <groups>
    </groups>
    <test started-at="2025-12-04T19:50:42 IST" name="Test" finished-at="2025-12-04T19:51:22 IST" duration-ms="39946">
      <class name="testBase.TC001_RegistrationTest">
        <test-method is-config="true" signature="Setup(java.lang.String,java.lang.String)[pri:0, instance:testBase.TC001_RegistrationTest@7164ca4c]" started-at="2025-12-04T19:50:42 IST" name="Setup" finished-at="2025-12-04T19:51:11 IST" duration-ms="29070" status="PASS">
          <params>
            <param index="0">
              <value>
                <![CDATA[linux]]>
              </value>
            </param>
            <param index="1">
              <value>
                <![CDATA[firefox]]>
              </value>
            </param>
          </params>
          <reporter-output>
          </reporter-output>
        </test-method> <!-- Setup -->
        <test-method signature="verifyRegisterAccount()[pri:0, instance:testBase.TC001_RegistrationTest@7164ca4c]" started-at="2025-12-04T19:51:11 IST" name="verifyRegisterAccount" finished-at="2025-12-04T19:51:20 IST" duration-ms="8776" status="PASS">
          <reporter-output>
          </reporter-output>
        </test-method> <!-- verifyRegisterAccount -->
        <test-method is-config="true" signature="teardown()[pri:0, instance:testBase.TC001_RegistrationTest@7164ca4c]" started-at="2025-12-04T19:51:20 IST" name="teardown" finished-at="2025-12-04T19:51:22 IST" duration-ms="2021" status="PASS">
          <reporter-output>
          </reporter-output>
        </test-method> <!-- teardown -->
      </class> <!-- testBase.TC001_RegistrationTest -->
    </test> <!-- Test -->
    <test started-at="2025-12-04T19:51:22 IST" name="Test1" finished-at="2025-12-04T19:51:50 IST" duration-ms="27816">
      <class name="testBase.TC001_RegistrationTest">
        <test-method is-config="true" signature="Setup(java.lang.String,java.lang.String)[pri:0, instance:testBase.TC001_RegistrationTest@ca30bc1]" started-at="2025-12-04T19:51:22 IST" name="Setup" finished-at="2025-12-04T19:51:38 IST" duration-ms="15844" status="PASS">
          <params>
            <param index="0">
              <value>
                <![CDATA[linux]]>
              </value>
            </param>
            <param index="1">
              <value>
                <![CDATA[chrome]]>
              </value>
            </param>
          </params>
          <reporter-output>
          </reporter-output>
        </test-method> <!-- Setup -->
        <test-method signature="verifyRegisterAccount()[pri:0, instance:testBase.TC001_RegistrationTest@ca30bc1]" started-at="2025-12-04T19:51:38 IST" name="verifyRegisterAccount" finished-at="2025-12-04T19:51:50 IST" duration-ms="11668" status="PASS">
          <reporter-output>
          </reporter-output>
        </test-method> <!-- verifyRegisterAccount -->
        <test-method is-config="true" signature="teardown()[pri:0, instance:testBase.TC001_RegistrationTest@ca30bc1]" started-at="2025-12-04T19:51:50 IST" name="teardown" finished-at="2025-12-04T19:51:50 IST" duration-ms="301" status="PASS">
          <reporter-output>
          </reporter-output>
        </test-method> <!-- teardown -->
      </class> <!-- testBase.TC001_RegistrationTest -->
    </test> <!-- Test1 -->
  </suite> <!-- Suite -->
</testng-results>
