<?xml version="1.0" encoding="UTF-8"?>
<testng-results ignored="0" total="2" passed="2" failed="0" skipped="0">
  <reporter-output>
  </reporter-output>
  <suite started-at="2025-12-04T16:06:31 IST" name="Suite" finished-at="2025-12-04T16:08:47 IST" duration-ms="135708">
    <groups>
    </groups>
    <test started-at="2025-12-04T16:06:31 IST" name="Test" finished-at="2025-12-04T16:07:34 IST" duration-ms="63277">
      <class name="testBase.TC001_RegistrationTest">
        <test-method is-config="true" signature="Setup(java.lang.String,java.lang.String)[pri:0, instance:testBase.TC001_RegistrationTest@1cbf6e72]" started-at="2025-12-04T16:06:31 IST" name="Setup" finished-at="2025-12-04T16:07:15 IST" duration-ms="43985" status="PASS">
          <params>
            <param index="0">
              <value>
                <![CDATA[linux]]>
              </value>
            </param>
            <param index="1">
              <value>
                <![CDATA[firefox]]>
              </value>
            </param>
          </params>
          <reporter-output>
          </reporter-output>
        </test-method> <!-- Setup -->
        <test-method signature="verifyRegisterAccount()[pri:0, instance:testBase.TC001_RegistrationTest@1cbf6e72]" started-at="2025-12-04T16:07:15 IST" name="verifyRegisterAccount" finished-at="2025-12-04T16:07:30 IST" duration-ms="14765" status="PASS">
          <reporter-output>
          </reporter-output>
        </test-method> <!-- verifyRegisterAccount -->
        <test-method is-config="true" signature="teardown()[pri:0, instance:testBase.TC001_RegistrationTest@1cbf6e72]" started-at="2025-12-04T16:07:30 IST" name="teardown" finished-at="2025-12-04T16:07:34 IST" duration-ms="4211" status="PASS">
          <reporter-output>
          </reporter-output>
        </test-method> <!-- teardown -->
      </class> <!-- testBase.TC001_RegistrationTest -->
    </test> <!-- Test -->
    <test started-at="2025-12-04T16:07:34 IST" name="Test1" finished-at="2025-12-04T16:08:47 IST" duration-ms="72200">
      <class name="testBase.TC001_RegistrationTest">
        <test-method is-config="true" signature="Setup(java.lang.String,java.lang.String)[pri:0, instance:testBase.TC001_RegistrationTest@2a3c96e3]" started-at="2025-12-04T16:07:34 IST" name="Setup" finished-at="2025-12-04T16:08:31 IST" duration-ms="57080" status="PASS">
          <params>
            <param index="0">
              <value>
                <![CDATA[linux]]>
              </value>
            </param>
            <param index="1">
              <value>
                <![CDATA[chrome]]>
              </value>
            </param>
          </params>
          <reporter-output>
          </reporter-output>
        </test-method> <!-- Setup -->
        <test-method signature="verifyRegisterAccount()[pri:0, instance:testBase.TC001_RegistrationTest@2a3c96e3]" started-at="2025-12-04T16:08:31 IST" name="verifyRegisterAccount" finished-at="2025-12-04T16:08:46 IST" duration-ms="14711" status="PASS">
          <reporter-output>
          </reporter-output>
        </test-method> <!-- verifyRegisterAccount -->
        <test-method is-config="true" signature="teardown()[pri:0, instance:testBase.TC001_RegistrationTest@2a3c96e3]" started-at="2025-12-04T16:08:46 IST" name="teardown" finished-at="2025-12-04T16:08:47 IST" duration-ms="385" status="PASS">
          <reporter-output>
          </reporter-output>
        </test-method> <!-- teardown -->
      </class> <!-- testBase.TC001_RegistrationTest -->
    </test> <!-- Test1 -->
  </suite> <!-- Suite -->
</testng-results>
