<?xml version="1.0" encoding="UTF-8"?>
<testng-results ignored="0" total="2" passed="2" failed="0" skipped="0">
  <reporter-output>
  </reporter-output>
  <suite started-at="2026-01-15T13:41:25 IST" name="Suite" finished-at="2026-01-15T13:42:02 IST" duration-ms="36713">
    <groups>
    </groups>
    <test started-at="2026-01-15T13:41:25 IST" name="Test" finished-at="2026-01-15T13:41:49 IST" duration-ms="24313">
      <class name="testBase.ETestClass">
        <test-method is-config="true" signature="setup(java.lang.String,java.lang.String)[pri:0, instance:testBase.ETestClass@4189d70b]" started-at="2026-01-15T13:41:25 IST" name="setup" finished-at="2026-01-15T13:41:43 IST" duration-ms="18274" status="PASS">
          <params>
            <param index="0">
              <value>
                <![CDATA[linux]]>
              </value>
            </param>
            <param index="1">
              <value>
                <![CDATA[firefox]]>
              </value>
            </param>
          </params>
          <reporter-output>
          </reporter-output>
        </test-method> <!-- setup -->
        <test-method signature="verifylogin()[pri:0, instance:testBase.ETestClass@4189d70b]" started-at="2026-01-15T13:41:43 IST" name="verifylogin" finished-at="2026-01-15T13:41:46 IST" duration-ms="3127" status="PASS">
          <reporter-output>
          </reporter-output>
        </test-method> <!-- verifylogin -->
        <test-method is-config="true" signature="teardown()[pri:0, instance:testBase.ETestClass@4189d70b]" started-at="2026-01-15T13:41:46 IST" name="teardown" finished-at="2026-01-15T13:41:49 IST" duration-ms="2786" status="PASS">
          <reporter-output>
          </reporter-output>
        </test-method> <!-- teardown -->
      </class> <!-- testBase.ETestClass -->
    </test> <!-- Test -->
    <test started-at="2026-01-15T13:41:49 IST" name="Test1" finished-at="2026-01-15T13:42:02 IST" duration-ms="12260">
      <class name="testBase.ETestClass">
        <test-method is-config="true" signature="setup(java.lang.String,java.lang.String)[pri:0, instance:testBase.ETestClass@2b5825fa]" started-at="2026-01-15T13:41:49 IST" name="setup" finished-at="2026-01-15T13:41:59 IST" duration-ms="10084" status="PASS">
          <params>
            <param index="0">
              <value>
                <![CDATA[linux]]>
              </value>
            </param>
            <param index="1">
              <value>
                <![CDATA[chrome]]>
              </value>
            </param>
          </params>
          <reporter-output>
          </reporter-output>
        </test-method> <!-- setup -->
        <test-method signature="verifylogin()[pri:0, instance:testBase.ETestClass@2b5825fa]" started-at="2026-01-15T13:41:59 IST" name="verifylogin" finished-at="2026-01-15T13:42:01 IST" duration-ms="1615" status="PASS">
          <reporter-output>
          </reporter-output>
        </test-method> <!-- verifylogin -->
        <test-method is-config="true" signature="teardown()[pri:0, instance:testBase.ETestClass@2b5825fa]" started-at="2026-01-15T13:42:01 IST" name="teardown" finished-at="2026-01-15T13:42:02 IST" duration-ms="553" status="PASS">
          <reporter-output>
          </reporter-output>
        </test-method> <!-- teardown -->
      </class> <!-- testBase.ETestClass -->
    </test> <!-- Test1 -->
  </suite> <!-- Suite -->
</testng-results>
