<?xml version="1.0" encoding="UTF-8"?>
<!-- Generated by org.testng.reporters.JUnitReportReporter -->
<testsuite hostname="SUHAS" failures="0" tests="2" name="testBase.TC001_RegistrationTest" time="29.476" errors="0" timestamp="2025-12-04T16:08:47 IST" skipped="0">
  <testcase classname="testBase.TC001_RegistrationTest" name="verifyRegisterAccount" time="14.765"/>
  <testcase classname="testBase.TC001_RegistrationTest" name="verifyRegisterAccount" time="14.711"/>
</testsuite> <!-- testBase.TC001_RegistrationTest -->
