<?xml version="1.0" encoding="UTF-8"?>
<!-- Generated by org.testng.reporters.JUnitReportReporter -->
<testsuite hostname="SUHAS" failures="0" tests="2" name="testBase.TC001_RegistrationTest" time="20.444" errors="0" timestamp="2025-12-04T19:51:50 IST" skipped="0">
  <testcase classname="testBase.TC001_RegistrationTest" name="verifyRegisterAccount" time="8.776"/>
  <testcase classname="testBase.TC001_RegistrationTest" name="verifyRegisterAccount" time="11.668"/>
</testsuite> <!-- testBase.TC001_RegistrationTest -->
